<?xml version="1.0" encoding="UTF-8" ?>
<testsuite tests="4" failures="4" name="StudentMapperTest" time="0.002" errors="0" skipped="0">
  <properties>
    <property name="java.runtime.name" value="Java(TM) SE Runtime Environment"/>
    <property name="sun.boot.library.path" value="H:\java\java\jre\bin"/>
    <property name="java.vm.version" value="25.112-b15"/>
    <property name="java.vm.vendor" value="Oracle Corporation"/>
    <property name="java.vendor.url" value="http://java.oracle.com/"/>
    <property name="path.separator" value=";"/>
    <property name="guice.disable.misplaced.annotation.check" value="true"/>
    <property name="java.vm.name" value="Java HotSpot(TM) 64-Bit Server VM"/>
    <property name="file.encoding.pkg" value="sun.io"/>
    <property name="user.script" value=""/>
    <property name="user.country" value="CN"/>
    <property name="sun.java.launcher" value="SUN_STANDARD"/>
    <property name="sun.os.patch.level" value=""/>
    <property name="java.vm.specification.name" value="Java Virtual Machine Specification"/>
    <property name="user.dir" value="F:\documents\eclipse-jee-neon3-documents\SSM"/>
    <property name="java.runtime.version" value="1.8.0_112-b15"/>
    <property name="java.awt.graphicsenv" value="sun.awt.Win32GraphicsEnvironment"/>
    <property name="java.endorsed.dirs" value="H:\java\java\jre\lib\endorsed"/>
    <property name="os.arch" value="amd64"/>
    <property name="java.io.tmpdir" value="C:\Users\ADMINI~1\AppData\Local\Temp\"/>
    <property name="line.separator" value="
"/>
    <property name="java.vm.specification.vendor" value="Oracle Corporation"/>
    <property name="user.variant" value=""/>
    <property name="os.name" value="Windows 10"/>
    <property name="classworlds.conf" value="F:\documents\eclipse-jee-neon3-documents\.metadata\.plugins\org.eclipse.m2e.launching\launches\m2conf1627671135104330239.tmp"/>
    <property name="sun.jnu.encoding" value="GBK"/>
    <property name="java.library.path" value="H:\java\java\bin;C:\Windows\Sun\Java\bin;C:\Windows\system32;C:\Windows;H:/java/java/bin/../jre/bin/server;H:/java/java/bin/../jre/bin;H:/java/java/bin/../jre/lib/amd64;H:\product\12.2.0\dbhome_1\bin;F:\app\Administrator\product\12.2.0\dbhome_1\bin;F:\app\admin\product\12.2.0\dbhome_1\bin;C:\ProgramData\Oracle\Java\javapath;C:\Windows\system32;C:\Windows;C:\Windows\System32\Wbem;C:\Windows\System32\WindowsPowerShell\v1.0\;H:\java\java\bin;H:\java\java\jre\bin;C:\Program Files\MySQL\MySQL Utilities 1.6;G:\maven\apache-maven-3.2.2-bin\apache-maven-3.2.2\bin;G:\git\Git\bin;C:\Users\Administrator\AppData\Local\Microsoft\WindowsApps;G:\sqlyog;C:\Program Files\MySQL\MySQL Server 5.7\bin;G:\ChromeCore;G:\Bandizip\;G:\Navicat 12 for MySQL\Navicat 12 for MySQL\;G:\eclipse-jee-neon\eclipse-jee-neon\eclipse;;."/>
    <property name="java.specification.name" value="Java Platform API Specification"/>
    <property name="java.class.version" value="52.0"/>
    <property name="sun.management.compiler" value="HotSpot 64-Bit Tiered Compilers"/>
    <property name="os.version" value="10.0"/>
    <property name="user.home" value="C:\Users\Administrator"/>
    <property name="user.timezone" value="Asia/Shanghai"/>
    <property name="java.awt.printerjob" value="sun.awt.windows.WPrinterJob"/>
    <property name="java.specification.version" value="1.8"/>
    <property name="file.encoding" value="UTF-8"/>
    <property name="user.name" value="Administrator"/>
    <property name="java.class.path" value="G:\maven\apache-maven-3.2.2-bin\apache-maven-3.2.2\boot\plexus-classworlds-2.5.1.jar"/>
    <property name="org.slf4j.simpleLogger.defaultLogLevel" value="info"/>
    <property name="java.vm.specification.version" value="1.8"/>
    <property name="sun.arch.data.model" value="64"/>
    <property name="java.home" value="H:\java\java\jre"/>
    <property name="sun.java.command" value="org.codehaus.plexus.classworlds.launcher.Launcher -B -gs G:\maven\apache-maven-3.2.2-bin\apache-maven-3.2.2\conf\settings.xml -s G:\maven\apache-maven-3.2.2-bin\apache-maven-3.2.2\conf\settings.xml install"/>
    <property name="java.specification.vendor" value="Oracle Corporation"/>
    <property name="user.language" value="zh"/>
    <property name="awt.toolkit" value="sun.awt.windows.WToolkit"/>
    <property name="java.vm.info" value="mixed mode"/>
    <property name="java.version" value="1.8.0_112"/>
    <property name="java.ext.dirs" value="H:\java\java\jre\lib\ext;C:\Windows\Sun\Java\lib\ext"/>
    <property name="sun.boot.class.path" value="H:\java\java\jre\lib\resources.jar;H:\java\java\jre\lib\rt.jar;H:\java\java\jre\lib\sunrsasign.jar;H:\java\java\jre\lib\jsse.jar;H:\java\java\jre\lib\jce.jar;H:\java\java\jre\lib\charsets.jar;H:\java\java\jre\lib\jfr.jar;H:\java\java\jre\classes"/>
    <property name="java.vendor" value="Oracle Corporation"/>
    <property name="maven.home" value="G:\maven\apache-maven-3.2.2-bin\apache-maven-3.2.2"/>
    <property name="file.separator" value="\"/>
    <property name="java.vendor.url.bug" value="http://bugreport.sun.com/bugreport/"/>
    <property name="sun.cpu.endian" value="little"/>
    <property name="sun.io.unicode.encoding" value="UnicodeLittle"/>
    <property name="sun.desktop" value="windows"/>
    <property name="sun.cpu.isalist" value="amd64"/>
  </properties>
  <testcase classname="StudentMapperTest" name="StudentMapperTest.testDeleteStu" time="0.002">
    <failure type="java.lang.NullPointerException">java.lang.NullPointerException
	at StudentMapperTest.testDeleteStu(StudentMapperTest.java:30)
</failure>
  </testcase>
  <testcase classname="StudentMapperTest" name="StudentMapperTest.testQueryAll" time="0">
    <failure type="java.lang.NullPointerException">java.lang.NullPointerException
	at StudentMapperTest.testQueryAll(StudentMapperTest.java:22)
</failure>
  </testcase>
  <testcase classname="StudentMapperTest" name="StudentMapperTest.testUpdateStu" time="0">
    <failure type="java.lang.NullPointerException">java.lang.NullPointerException
	at StudentMapperTest.testUpdateStu(StudentMapperTest.java:41)
</failure>
  </testcase>
  <testcase classname="StudentMapperTest" name="StudentMapperTest.testInsertStu" time="0">
    <failure type="java.lang.NullPointerException">java.lang.NullPointerException
	at StudentMapperTest.testInsertStu(StudentMapperTest.java:51)
</failure>
  </testcase>
</testsuite>